<?xml version="1.0" encoding="UTF-8"?>
<!-- Generated by org.testng.reporters.JUnitReportReporter -->
<testsuite hostname="Manishas-MacBook-Pro.local" failures="0" tests="1" name="com.automation.tests.scripts.CreateAccountRU" time="16.998" errors="0" timestamp="2023-10-29T15:04:12 PDT" skipped="0">
  <testcase classname="com.automation.tests.scripts.CreateAccountRU" name="testcase10" time="16.998"/>
  <system-out/>
</testsuite> <!-- com.automation.tests.scripts.CreateAccountRU -->
