<?xml version="1.0" encoding="UTF-8"?>
<!-- Generated by org.testng.reporters.JUnitReportReporter -->
<testsuite hostname="Manishas-MacBook-Pro.local" failures="0" tests="2" name="com.automation.tests.scripts.UsermenuRU" time="18.551" errors="0" timestamp="2023-10-29T12:19:39 PDT" skipped="0">
  <testcase classname="com.automation.tests.scripts.UsermenuRU" name="testcase9" time="8.082"/>
  <system-out/>
  <testcase classname="com.automation.tests.scripts.UsermenuRU" name="testcase8" time="10.469"/>
  <system-out/>
</testsuite> <!-- com.automation.tests.scripts.UsermenuRU -->
