<?xml version="1.0" encoding="UTF-8"?>
<!-- Generated by org.testng.reporters.JUnitReportReporter -->
<testsuite hostname="Manishas-MacBook-Pro.local" failures="0" tests="1" name="com.automation.tests.scripts.SalesforceAutomationScripts" time="5.076" errors="0" timestamp="2023-10-29T23:02:55 PDT" skipped="0">
  <testcase classname="com.automation.tests.scripts.SalesforceAutomationScripts" name="Testcase4b" time="5.076"/>
  <system-out/>
</testsuite> <!-- com.automation.tests.scripts.SalesforceAutomationScripts -->
